TN:
SF:src\genaiService.ts
FN:27,(anonymous_0)
FN:51,parseGrounding
FN:58,(anonymous_2)
FN:59,(anonymous_3)
FN:60,(anonymous_4)
FN:66,(anonymous_5)
FN:92,(anonymous_6)
FN:116,(anonymous_7)
FN:128,(anonymous_8)
FN:136,(anonymous_9)
FNF:10
FNH:9
FNDA:2,(anonymous_0)
FNDA:3,parseGrounding
FNDA:3,(anonymous_2)
FNDA:3,(anonymous_3)
FNDA:3,(anonymous_4)
FNDA:2,(anonymous_5)
FNDA:1,(anonymous_6)
FNDA:2,(anonymous_7)
FNDA:0,(anonymous_8)
FNDA:2,(anonymous_9)
DA:1,1
DA:19,1
DA:27,1
DA:28,2
DA:30,2
DA:31,0
DA:36,2
DA:51,1
DA:52,3
DA:53,3
DA:54,3
DA:55,3
DA:57,3
DA:58,3
DA:59,3
DA:60,3
DA:62,0
DA:66,1
DA:67,2
DA:68,2
DA:70,1
DA:71,1
DA:72,1
DA:82,1
DA:87,0
DA:88,0
DA:92,1
DA:93,1
DA:94,1
DA:96,0
DA:97,0
DA:98,0
DA:106,0
DA:108,0
DA:112,1
DA:113,2
DA:117,2
DA:118,2
DA:119,2
DA:120,1
DA:121,1
DA:128,0
DA:137,2
DA:139,1
DA:140,1
DA:141,1
DA:146,0
LF:47
LH:36
BRDA:27,0,0,2
BRDA:30,1,0,0
BRDA:31,2,0,0
BRDA:31,2,1,0
BRDA:36,3,0,2
BRDA:36,3,1,0
BRDA:55,4,0,3
BRDA:55,4,1,1
BRDA:59,5,0,3
BRDA:59,5,1,3
BRDA:59,5,2,3
BRDA:68,6,0,1
BRDA:83,7,0,1
BRDA:83,7,1,0
BRDA:94,8,0,1
BRDA:106,9,0,0
BRDA:106,9,1,0
BRDA:116,10,0,0
BRDA:119,11,0,1
BRDA:137,12,0,1
BRDA:142,13,0,1
BRDA:142,13,1,0
BRF:22
BRH:13
end_of_record
TN:
SF:src\index.ts
FN:19,(anonymous_1)
FN:21,(anonymous_2)
FN:34,(anonymous_3)
FN:37,(anonymous_4)
FN:45,(anonymous_5)
FN:49,(anonymous_6)
FN:72,(anonymous_7)
FN:93,(anonymous_8)
FN:113,(anonymous_9)
FN:136,(anonymous_10)
FN:160,(anonymous_11)
FN:179,(anonymous_12)
FN:199,(anonymous_13)
FN:222,(anonymous_14)
FN:240,(anonymous_15)
FNF:15
FNH:6
FNDA:1,(anonymous_1)
FNDA:7,(anonymous_2)
FNDA:1,(anonymous_3)
FNDA:0,(anonymous_4)
FNDA:0,(anonymous_5)
FNDA:0,(anonymous_6)
FNDA:0,(anonymous_7)
FNDA:4,(anonymous_8)
FNDA:1,(anonymous_9)
FNDA:2,(anonymous_10)
FNDA:0,(anonymous_11)
FNDA:0,(anonymous_12)
FNDA:0,(anonymous_13)
FNDA:0,(anonymous_14)
FNDA:0,(anonymous_15)
DA:1,1
DA:2,1
DA:3,1
DA:4,1
DA:5,1
DA:6,1
DA:7,1
DA:8,1
DA:9,1
DA:12,1
DA:14,1
DA:17,1
DA:19,1
DA:20,1
DA:22,7
DA:23,0
DA:24,0
DA:28,1
DA:30,1
DA:34,1
DA:35,1
DA:36,1
DA:38,0
DA:39,0
DA:40,0
DA:41,0
DA:42,0
DA:43,0
DA:46,0
DA:47,0
DA:50,0
DA:55,1
DA:65,1
DA:66,1
DA:67,1
DA:68,0
DA:69,0
DA:70,0
DA:71,0
DA:72,0
DA:74,0
DA:75,0
DA:77,0
DA:78,0
DA:81,0
DA:85,1
DA:88,1
DA:94,4
DA:95,4
DA:97,3
DA:98,3
DA:99,3
DA:100,2
DA:102,1
DA:103,1
DA:108,1
DA:114,1
DA:115,1
DA:117,1
DA:118,1
DA:119,1
DA:120,0
DA:122,1
DA:123,1
DA:128,1
DA:137,2
DA:138,2
DA:140,1
DA:141,1
DA:142,1
DA:143,1
DA:144,0
DA:146,1
DA:147,1
DA:153,1
DA:154,1
DA:156,0
DA:160,1
DA:161,0
DA:162,0
DA:163,0
DA:164,0
DA:165,0
DA:167,0
DA:170,0
DA:172,0
DA:174,1
DA:180,0
DA:181,0
DA:183,0
DA:184,0
DA:185,0
DA:186,0
DA:188,0
DA:189,0
DA:194,1
DA:200,0
DA:201,0
DA:203,0
DA:204,0
DA:205,0
DA:206,0
DA:208,0
DA:209,0
DA:214,1
DA:223,0
DA:224,0
DA:226,0
DA:227,0
DA:228,0
DA:229,0
DA:230,0
DA:232,0
DA:233,0
DA:238,1
DA:239,0
DA:240,0
LF:117
LH:58
BRDA:17,0,0,1
BRDA:17,0,1,1
BRDA:22,1,0,7
BRDA:23,2,0,0
BRDA:39,3,0,0
BRDA:39,3,1,0
BRDA:40,4,0,0
BRDA:40,4,1,0
BRDA:47,5,0,0
BRDA:56,6,0,1
BRDA:56,6,1,0
BRDA:57,7,0,1
BRDA:57,7,1,0
BRDA:65,8,0,1
BRDA:65,8,1,0
BRDA:68,9,0,0
BRDA:68,9,1,0
BRDA:95,10,0,1
BRDA:97,11,0,2
BRDA:115,12,0,0
BRDA:117,13,0,1
BRDA:138,14,0,1
BRDA:140,15,0,1
BRDA:142,16,0,1
BRDA:142,16,1,1
BRDA:153,17,0,1
BRDA:153,17,1,0
BRDA:163,18,0,0
BRDA:163,18,1,0
BRDA:165,19,0,0
BRDA:165,19,1,0
BRDA:181,20,0,0
BRDA:183,21,0,0
BRDA:201,22,0,0
BRDA:203,23,0,0
BRDA:224,24,0,0
BRDA:226,25,0,0
BRDA:228,26,0,0
BRDA:228,26,1,0
BRDA:238,27,0,0
BRDA:239,28,0,0
BRDA:239,28,1,0
BRF:42
BRH:14
end_of_record
TN:
SF:src\middleware\auth.ts
FN:4,(anonymous_0)
FN:11,(anonymous_1)
FNF:2
FNH:2
FNDA:10,(anonymous_0)
FNDA:12,(anonymous_1)
DA:4,2
DA:5,10
DA:6,10
DA:7,10
DA:9,10
DA:11,12
DA:14,10
DA:15,2
DA:18,8
LF:9
LH:9
BRDA:7,0,0,7
BRDA:7,0,1,3
BRDA:9,1,0,10
BRDA:9,1,1,9
BRDA:9,1,2,1
BRDA:14,2,0,2
BRDA:14,3,0,10
BRDA:14,3,1,8
BRDA:14,3,2,8
BRF:9
BRH:9
end_of_record
