TN:
SF:src\genaiService.ts
FN:27,(anonymous_0)
FN:51,parseGrounding
FN:58,(anonymous_2)
FN:59,(anonymous_3)
FN:60,(anonymous_4)
FN:66,(anonymous_5)
FN:92,(anonymous_6)
FN:116,(anonymous_7)
FN:128,(anonymous_8)
FN:136,(anonymous_9)
FNF:10
FNH:9
FNDA:2,(anonymous_0)
FNDA:3,parseGrounding
FNDA:3,(anonymous_2)
FNDA:3,(anonymous_3)
FNDA:3,(anonymous_4)
FNDA:2,(anonymous_5)
FNDA:1,(anonymous_6)
FNDA:2,(anonymous_7)
FNDA:0,(anonymous_8)
FNDA:2,(anonymous_9)
DA:1,1
DA:19,1
DA:27,1
DA:28,2
DA:30,2
DA:31,0
DA:36,2
DA:51,1
DA:52,3
DA:53,3
DA:54,3
DA:55,3
DA:57,3
DA:58,3
DA:59,3
DA:60,3
DA:62,0
DA:66,1
DA:67,2
DA:68,2
DA:70,1
DA:71,1
DA:72,1
DA:82,1
DA:87,0
DA:88,0
DA:92,1
DA:93,1
DA:94,1
DA:96,0
DA:97,0
DA:98,0
DA:106,0
DA:108,0
DA:112,1
DA:113,2
DA:117,2
DA:118,2
DA:119,2
DA:120,1
DA:121,1
DA:128,0
DA:137,2
DA:139,1
DA:140,1
DA:141,1
DA:146,0
LF:47
LH:36
BRDA:27,0,0,2
BRDA:30,1,0,0
BRDA:31,2,0,0
BRDA:31,2,1,0
BRDA:36,3,0,2
BRDA:36,3,1,0
BRDA:55,4,0,3
BRDA:55,4,1,1
BRDA:59,5,0,3
BRDA:59,5,1,3
BRDA:59,5,2,3
BRDA:68,6,0,1
BRDA:83,7,0,1
BRDA:83,7,1,0
BRDA:94,8,0,1
BRDA:106,9,0,0
BRDA:106,9,1,0
BRDA:116,10,0,0
BRDA:119,11,0,1
BRDA:137,12,0,1
BRDA:142,13,0,1
BRDA:142,13,1,0
BRF:22
BRH:13
end_of_record
TN:
SF:src\index.ts
FN:18,(anonymous_1)
FN:21,(anonymous_2)
FN:29,(anonymous_3)
FN:33,(anonymous_4)
FN:62,(anonymous_5)
FN:82,(anonymous_6)
FN:105,(anonymous_7)
FN:133,(anonymous_8)
FN:153,(anonymous_9)
FN:176,(anonymous_10)
FN:194,(anonymous_11)
FNF:11
FNH:4
FNDA:1,(anonymous_1)
FNDA:0,(anonymous_2)
FNDA:0,(anonymous_3)
FNDA:0,(anonymous_4)
FNDA:4,(anonymous_5)
FNDA:1,(anonymous_6)
FNDA:2,(anonymous_7)
FNDA:0,(anonymous_8)
FNDA:0,(anonymous_9)
FNDA:0,(anonymous_10)
FNDA:0,(anonymous_11)
DA:1,1
DA:2,1
DA:3,1
DA:4,1
DA:5,1
DA:6,1
DA:7,1
DA:10,1
DA:12,1
DA:13,1
DA:14,1
DA:18,1
DA:19,1
DA:20,1
DA:22,0
DA:23,0
DA:24,0
DA:25,0
DA:26,0
DA:27,0
DA:30,0
DA:31,0
DA:34,0
DA:39,1
DA:47,1
DA:48,1
DA:51,1
DA:54,1
DA:57,1
DA:63,4
DA:64,4
DA:66,3
DA:67,3
DA:68,3
DA:69,2
DA:71,1
DA:72,1
DA:77,1
DA:83,1
DA:84,1
DA:86,1
DA:87,1
DA:88,1
DA:89,0
DA:91,1
DA:92,1
DA:97,1
DA:106,2
DA:107,2
DA:109,1
DA:110,1
DA:111,1
DA:112,1
DA:113,0
DA:115,1
DA:116,1
DA:122,1
DA:123,1
DA:125,0
DA:128,1
DA:134,0
DA:135,0
DA:137,0
DA:138,0
DA:139,0
DA:140,0
DA:142,0
DA:143,0
DA:148,1
DA:154,0
DA:155,0
DA:157,0
DA:158,0
DA:159,0
DA:160,0
DA:162,0
DA:163,0
DA:168,1
DA:177,0
DA:178,0
DA:180,0
DA:181,0
DA:182,0
DA:183,0
DA:184,0
DA:186,0
DA:187,0
DA:192,1
DA:193,0
DA:194,0
LF:90
LH:51
BRDA:23,0,0,0
BRDA:23,0,1,0
BRDA:24,1,0,0
BRDA:24,1,1,0
BRDA:31,2,0,0
BRDA:40,3,0,1
BRDA:40,3,1,0
BRDA:41,4,0,1
BRDA:41,4,1,0
BRDA:47,5,0,1
BRDA:64,6,0,1
BRDA:66,7,0,2
BRDA:84,8,0,0
BRDA:86,9,0,1
BRDA:107,10,0,1
BRDA:109,11,0,1
BRDA:111,12,0,1
BRDA:111,12,1,1
BRDA:122,13,0,1
BRDA:122,13,1,0
BRDA:135,14,0,0
BRDA:137,15,0,0
BRDA:155,16,0,0
BRDA:157,17,0,0
BRDA:178,18,0,0
BRDA:180,19,0,0
BRDA:182,20,0,0
BRDA:182,20,1,0
BRDA:192,21,0,0
BRDA:193,22,0,0
BRDA:193,22,1,0
BRF:31
BRH:11
end_of_record
TN:
SF:src\middleware\auth.ts
FN:4,(anonymous_0)
FN:11,(anonymous_1)
FNF:2
FNH:2
FNDA:10,(anonymous_0)
FNDA:12,(anonymous_1)
DA:4,2
DA:5,10
DA:6,10
DA:7,10
DA:9,10
DA:11,12
DA:14,10
DA:15,2
DA:18,8
LF:9
LH:9
BRDA:7,0,0,7
BRDA:7,0,1,3
BRDA:9,1,0,10
BRDA:9,1,1,9
BRDA:9,1,2,1
BRDA:14,2,0,2
BRDA:14,3,0,10
BRDA:14,3,1,8
BRDA:14,3,2,8
BRF:9
BRH:9
end_of_record
